[debug] [2019-03-29T22:32:08.555Z] ----------------------------------------------------------------------
[debug] [2019-03-29T22:32:08.558Z] Command:       /usr/local/Cellar/node/11.12.0/bin/node /usr/local/bin/firebase serve
[debug] [2019-03-29T22:32:08.558Z] CLI Version:   6.5.0
[debug] [2019-03-29T22:32:08.558Z] Platform:      darwin
[debug] [2019-03-29T22:32:08.558Z] Node Version:  v11.12.0
[debug] [2019-03-29T22:32:08.559Z] Time:          Fri Mar 29 2019 15:32:08 GMT-0700 (Pacific Daylight Time)
[debug] [2019-03-29T22:32:08.559Z] ----------------------------------------------------------------------
[debug] 
[debug] [2019-03-29T22:32:08.571Z] > command requires scopes: ["email","openid","https://www.googleapis.com/auth/cloudplatformprojects.readonly","https://www.googleapis.com/auth/firebase","https://www.googleapis.com/auth/cloud-platform"]
[debug] [2019-03-29T22:32:08.572Z] > authorizing via signed-in user
[debug] [2019-03-29T22:32:08.572Z] [iam] checking project social-shout-out for permissions ["firebase.projects.get"]
[debug] [2019-03-29T22:32:08.574Z] >>> HTTP REQUEST POST https://cloudresourcemanager.googleapis.com/v1/projects/social-shout-out:testIamPermissions  

[debug] [2019-03-29T22:32:08.791Z] <<< HTTP RESPONSE 200
[debug] [2019-03-29T22:32:08.795Z] >>> HTTP REQUEST GET https://cloudresourcemanager.googleapis.com/v1/projects/social-shout-out  
 
[debug] [2019-03-29T22:32:08.986Z] <<< HTTP RESPONSE 200
[info] 
[info] === Serving from '/Users/dylandislers/social-shout-out/sso-functions'...
[info] 
[info] i  functions: Preparing to emulate functions.
[debug] [2019-03-29T22:32:09.724Z] Fetching environment
[debug] [2019-03-29T22:32:09.727Z] >>> HTTP REQUEST GET https://mobilesdk-pa.googleapis.com/v1/projects/510630727787:getServerAppConfig  
 
[debug] [2019-03-29T22:32:09.897Z] <<< HTTP RESPONSE 200
[debug] [2019-03-29T22:32:09.898Z] Starting @google-cloud/functions-emulator
[debug] [2019-03-29T22:32:11.461Z] Parsing function triggers
[info] ✔  functions: helloWorld: http://localhost:5000/social-shout-out/us-central1/helloWorld
[info] ✔  functions: getShouts: http://localhost:5000/social-shout-out/us-central1/getShouts
[info] ✔  functions: createShout: http://localhost:5000/social-shout-out/us-central1/createShout
